2026-06-02T12:18:18.968+0800	[35mDEBUG[0m	logger/gorm_logger.go:81	SQL Trace	{"cost": 0.0004965, "rows": -1, "sql": "SELECT DATABASE()"}
2026-06-02T12:18:18.985+0800	[35mDEBUG[0m	logger/gorm_logger.go:81	SQL Trace	{"cost": 0.005179, "rows": 1, "sql": "SELECT SCHEMA_NAME from Information_schema.SCHEMATA where SCHEMA_NAME LIKE 'feed_db%' ORDER BY SCHEMA_NAME='feed_db' DESC,SCHEMA_NAME limit 1"}
2026-06-02T12:18:18.987+0800	[35mDEBUG[0m	logger/gorm_logger.go:81	SQL Trace	{"cost": 0.0019602, "rows": -1, "sql": "SELECT count(*) FROM information_schema.tables WHERE table_schema = 'feed_db' AND table_name = 'users' AND table_type = 'BASE TABLE'"}
2026-06-02T12:18:18.988+0800	[35mDEBUG[0m	logger/gorm_logger.go:81	SQL Trace	{"cost": 0.0009378, "rows": -1, "sql": "SELECT DATABASE()"}
2026-06-02T12:18:18.989+0800	[35mDEBUG[0m	logger/gorm_logger.go:81	SQL Trace	{"cost": 0.0012342, "rows": 1, "sql": "SELECT SCHEMA_NAME from Information_schema.SCHEMATA where SCHEMA_NAME LIKE 'feed_db%' ORDER BY SCHEMA_NAME='feed_db' DESC,SCHEMA_NAME limit 1"}
2026-06-02T12:18:18.991+0800	[35mDEBUG[0m	logger/gorm_logger.go:81	SQL Trace	{"cost": 0.0010859, "rows": -1, "sql": "SELECT * FROM `users` LIMIT 1"}
2026-06-02T12:18:18.994+0800	[35mDEBUG[0m	logger/gorm_logger.go:81	SQL Trace	{"cost": 0.0031081, "rows": -1, "sql": "SELECT column_name, column_default, is_nullable = 'YES', data_type, character_maximum_length, column_type, column_key, extra, column_comment, numeric_precision, numeric_scale , datetime_precision FROM information_schema.columns WHERE table_schema = 'feed_db' AND table_name = 'users' ORDER BY ORDINAL_POSITION"}
2026-06-02T12:18:18.995+0800	[35mDEBUG[0m	logger/gorm_logger.go:81	SQL Trace	{"cost": 0.0015478, "rows": -1, "sql": "SELECT DATABASE()"}
2026-06-02T12:18:18.997+0800	[35mDEBUG[0m	logger/gorm_logger.go:81	SQL Trace	{"cost": 0.0011797, "rows": 1, "sql": "SELECT SCHEMA_NAME from Information_schema.SCHEMATA where SCHEMA_NAME LIKE 'feed_db%' ORDER BY SCHEMA_NAME='feed_db' DESC,SCHEMA_NAME limit 1"}
2026-06-02T12:18:18.999+0800	[35mDEBUG[0m	logger/gorm_logger.go:81	SQL Trace	{"cost": 0.0021845, "rows": -1, "sql": "SELECT count(*) FROM information_schema.tables WHERE table_schema = 'feed_db' AND table_name = 'posts' AND table_type = 'BASE TABLE'"}
2026-06-02T12:18:19.000+0800	[35mDEBUG[0m	logger/gorm_logger.go:81	SQL Trace	{"cost": 0.0003838, "rows": -1, "sql": "SELECT DATABASE()"}
2026-06-02T12:18:19.002+0800	[35mDEBUG[0m	logger/gorm_logger.go:81	SQL Trace	{"cost": 0.002612, "rows": 1, "sql": "SELECT SCHEMA_NAME from Information_schema.SCHEMATA where SCHEMA_NAME LIKE 'feed_db%' ORDER BY SCHEMA_NAME='feed_db' DESC,SCHEMA_NAME limit 1"}
2026-06-02T12:18:19.003+0800	[35mDEBUG[0m	logger/gorm_logger.go:81	SQL Trace	{"cost": 0.0011035, "rows": -1, "sql": "SELECT * FROM `posts` LIMIT 1"}
2026-06-02T12:18:19.006+0800	[35mDEBUG[0m	logger/gorm_logger.go:81	SQL Trace	{"cost": 0.0031634, "rows": -1, "sql": "SELECT column_name, column_default, is_nullable = 'YES', data_type, character_maximum_length, column_type, column_key, extra, column_comment, numeric_precision, numeric_scale , datetime_precision FROM information_schema.columns WHERE table_schema = 'feed_db' AND table_name = 'posts' ORDER BY ORDINAL_POSITION"}
2026-06-02T12:18:19.012+0800	[35mDEBUG[0m	logger/gorm_logger.go:81	SQL Trace	{"cost": 0.0053205, "rows": -1, "sql": "SELECT DATABASE()"}
2026-06-02T12:18:19.013+0800	[35mDEBUG[0m	logger/gorm_logger.go:81	SQL Trace	{"cost": 0.0012814, "rows": 1, "sql": "SELECT SCHEMA_NAME from Information_schema.SCHEMATA where SCHEMA_NAME LIKE 'feed_db%' ORDER BY SCHEMA_NAME='feed_db' DESC,SCHEMA_NAME limit 1"}
2026-06-02T12:18:19.015+0800	[35mDEBUG[0m	logger/gorm_logger.go:81	SQL Trace	{"cost": 0.002218, "rows": -1, "sql": "SELECT count(*) FROM information_schema.statistics WHERE table_schema = 'feed_db' AND table_name = 'posts' AND index_name = 'idx_user_id'"}
2026-06-02T12:18:19.016+0800	[35mDEBUG[0m	logger/gorm_logger.go:81	SQL Trace	{"cost": 0.0005929, "rows": -1, "sql": "SELECT DATABASE()"}
2026-06-02T12:18:19.018+0800	[35mDEBUG[0m	logger/gorm_logger.go:81	SQL Trace	{"cost": 0.0016564, "rows": 1, "sql": "SELECT SCHEMA_NAME from Information_schema.SCHEMATA where SCHEMA_NAME LIKE 'feed_db%' ORDER BY SCHEMA_NAME='feed_db' DESC,SCHEMA_NAME limit 1"}
2026-06-02T12:18:19.022+0800	[35mDEBUG[0m	logger/gorm_logger.go:81	SQL Trace	{"cost": 0.0041599, "rows": -1, "sql": "SELECT count(*) FROM information_schema.tables WHERE table_schema = 'feed_db' AND table_name = 'relations' AND table_type = 'BASE TABLE'"}
2026-06-02T12:18:19.023+0800	[35mDEBUG[0m	logger/gorm_logger.go:81	SQL Trace	{"cost": 0.0015727, "rows": -1, "sql": "SELECT DATABASE()"}
2026-06-02T12:18:19.027+0800	[35mDEBUG[0m	logger/gorm_logger.go:81	SQL Trace	{"cost": 0.0041789, "rows": 1, "sql": "SELECT SCHEMA_NAME from Information_schema.SCHEMATA where SCHEMA_NAME LIKE 'feed_db%' ORDER BY SCHEMA_NAME='feed_db' DESC,SCHEMA_NAME limit 1"}
2026-06-02T12:18:19.029+0800	[35mDEBUG[0m	logger/gorm_logger.go:81	SQL Trace	{"cost": 0.0017167, "rows": -1, "sql": "SELECT * FROM `relations` LIMIT 1"}
2026-06-02T12:18:19.032+0800	[35mDEBUG[0m	logger/gorm_logger.go:81	SQL Trace	{"cost": 0.0026353, "rows": -1, "sql": "SELECT column_name, column_default, is_nullable = 'YES', data_type, character_maximum_length, column_type, column_key, extra, column_comment, numeric_precision, numeric_scale , datetime_precision FROM information_schema.columns WHERE table_schema = 'feed_db' AND table_name = 'relations' ORDER BY ORDINAL_POSITION"}
2026-06-02T12:18:19.034+0800	[35mDEBUG[0m	logger/gorm_logger.go:81	SQL Trace	{"cost": 0.0022214, "rows": -1, "sql": "SELECT DATABASE()"}
2026-06-02T12:18:19.035+0800	[35mDEBUG[0m	logger/gorm_logger.go:81	SQL Trace	{"cost": 0.001271, "rows": 1, "sql": "SELECT SCHEMA_NAME from Information_schema.SCHEMATA where SCHEMA_NAME LIKE 'feed_db%' ORDER BY SCHEMA_NAME='feed_db' DESC,SCHEMA_NAME limit 1"}
2026-06-02T12:18:19.037+0800	[35mDEBUG[0m	logger/gorm_logger.go:81	SQL Trace	{"cost": 0.0017399, "rows": -1, "sql": "SELECT count(*) FROM information_schema.statistics WHERE table_schema = 'feed_db' AND table_name = 'relations' AND index_name = 'uk_follower_followee'"}
2026-06-02T12:18:19.038+0800	[35mDEBUG[0m	logger/gorm_logger.go:81	SQL Trace	{"cost": 0.0005668, "rows": -1, "sql": "SELECT DATABASE()"}
2026-06-02T12:18:19.041+0800	[35mDEBUG[0m	logger/gorm_logger.go:81	SQL Trace	{"cost": 0.0024792, "rows": 1, "sql": "SELECT SCHEMA_NAME from Information_schema.SCHEMATA where SCHEMA_NAME LIKE 'feed_db%' ORDER BY SCHEMA_NAME='feed_db' DESC,SCHEMA_NAME limit 1"}
2026-06-02T12:18:19.043+0800	[35mDEBUG[0m	logger/gorm_logger.go:81	SQL Trace	{"cost": 0.0021854, "rows": -1, "sql": "SELECT count(*) FROM information_schema.statistics WHERE table_schema = 'feed_db' AND table_name = 'relations' AND index_name = 'idx_followee_id'"}
2026-06-02T12:18:19.043+0800	[34mINFO[0m	logger/logger.go:69	MySQL 数据库初始化成功！
2026-06-02T12:18:19.048+0800	[34mINFO[0m	logger/logger.go:69	Redis 连接池初始化成功！
[GIN-debug] [WARNING] Creating an Engine instance with the Logger and Recovery middleware already attached.

[GIN-debug] [WARNING] Running in "debug" mode. Switch to "release" mode in production.
 - using env:	export GIN_MODE=release
 - using code:	gin.SetMode(gin.ReleaseMode)

[GIN-debug] POST   /web/api/v1/user/register --> github.com/DingAnZhong/feed/internal/api.RegisterHandler (5 handlers)
[GIN-debug] POST   /web/api/v1/user/login    --> github.com/DingAnZhong/feed/internal/api.LoginHandler (5 handlers)
[GIN-debug] POST   /web/api/v1/user/refresh  --> github.com/DingAnZhong/feed/internal/api.RefreshHandler (5 handlers)
[GIN-debug] POST   /web/api/v1/user/logout   --> github.com/DingAnZhong/feed/internal/api.LogoutHandler (5 handlers)
[GIN-debug] POST   /web/api/v1/user/follow   --> github.com/DingAnZhong/feed/internal/api.FollowHandler (6 handlers)
[GIN-debug] GET    /web/api/v1/user/follow/status --> github.com/DingAnZhong/feed/internal/api.FollowStatusHandler (6 handlers)
[GIN-debug] GET    /web/api/v1/user/info     --> github.com/DingAnZhong/feed/internal/api.GetUserInfoHandler (6 handlers)
[GIN-debug] GET    /web/api/v1/user/count    --> github.com/DingAnZhong/feed/internal/api.UserCountHandler (6 handlers)
[GIN-debug] POST   /web/api/v1/user/sync-count --> github.com/DingAnZhong/feed/internal/api.SyncUserCountHandler (6 handlers)
[GIN-debug] POST   /web/api/v1/post/publish  --> github.com/DingAnZhong/feed/internal/api.PublishPostHandler (6 handlers)
[GIN-debug] GET    /web/api/v1/feed/timeline --> github.com/DingAnZhong/feed/internal/api.FetchFeedHandler (6 handlers)
[GIN-debug] GET    /web/api/v1/admin/posts/pending --> github.com/DingAnZhong/feed/internal/api.AdminPostPendingHandler (6 handlers)
[GIN-debug] POST   /web/api/v1/admin/post/approve --> github.com/DingAnZhong/feed/internal/api.AdminPostApproveHandler (6 handlers)
[GIN-debug] POST   /web/api/v1/admin/post/reject --> github.com/DingAnZhong/feed/internal/api.AdminPostRejectHandler (6 handlers)
[GIN-debug] GET    /web/ping                 --> github.com/DingAnZhong/feed/internal/api.SetupRouter.func1 (5 handlers)
[GIN-debug] GET    /                         --> github.com/DingAnZhong/feed/internal/api.SetupRouter.func2 (5 handlers)
[GIN-debug] GET    /static/*filepath         --> github.com/DingAnZhong/feed/internal/api.serveStaticFile (5 handlers)
[GIN-debug] [WARNING] You trusted all proxies, this is NOT safe. We recommend you to set a value.
Please check https://github.com/gin-gonic/gin/blob/master/docs/doc.md#dont-trust-all-proxies for details.
[GIN-debug] Listening and serving HTTP on :8083
2026-06-02T12:19:58.395+0800	[33mWARN[0m	logger/logger.go:77	限流器执行异常, 降级放行	{"error": "ERR Error running script (call to f_f52a5b566060d79fd321d695df55bc918339c4aa): @user_script:3: user_script:3: attempt to call field 'replicate_commands' (a nil value) "}
2026-06-02T12:19:58.396+0800	[35mDEBUG[0m	logger/logger.go:81	GetTimeline return postIDs	{"post_ids": [289666352015216640, 289665228596056064, 289664021160792064, 289663990856945664, 289663977955266560, 289663936687509504, 289663925673267200, 289656570302697472]}
2026-06-02T12:19:58.396+0800	[35mDEBUG[0m	logger/logger.go:81	FetchFeed got postIDs from GetTimeline	{"post_ids": [289666352015216640, 289665228596056064, 289664021160792064, 289663990856945664, 289663977955266560, 289663936687509504, 289663925673267200, 289656570302697472]}
2026-06-02T12:19:58.398+0800	[35mDEBUG[0m	logger/gorm_logger.go:81	SQL Trace	{"cost": 0.0020809, "rows": 3, "sql": "SELECT * FROM `posts` ORDER BY like_count DESC, id DESC LIMIT 4"}
2026-06-02T12:19:58.403+0800	[35mDEBUG[0m	logger/gorm_logger.go:81	SQL Trace	{"cost": 0.0046547, "rows": 0, "sql": "SELECT * FROM `posts` WHERE id = 289666352015216640 ORDER BY `posts`.`id` LIMIT 1"}
2026-06-02T12:19:58.404+0800	[35mDEBUG[0m	logger/gorm_logger.go:81	SQL Trace	{"cost": 0.0013032, "rows": 0, "sql": "SELECT * FROM `posts` WHERE id = 289665228596056064 ORDER BY `posts`.`id` LIMIT 1"}
2026-06-02T12:19:58.407+0800	[35mDEBUG[0m	logger/gorm_logger.go:81	SQL Trace	{"cost": 0.0015639, "rows": 0, "sql": "SELECT * FROM `posts` WHERE id = 289664021160792064 ORDER BY `posts`.`id` LIMIT 1"}
2026-06-02T12:19:58.413+0800	[35mDEBUG[0m	logger/gorm_logger.go:81	SQL Trace	{"cost": 0.0058594, "rows": 0, "sql": "SELECT * FROM `posts` WHERE id = 289663990856945664 ORDER BY `posts`.`id` LIMIT 1"}
2026-06-02T12:19:58.415+0800	[35mDEBUG[0m	logger/gorm_logger.go:81	SQL Trace	{"cost": 0.0020456, "rows": 0, "sql": "SELECT * FROM `posts` WHERE id = 289663977955266560 ORDER BY `posts`.`id` LIMIT 1"}
2026-06-02T12:19:58.416+0800	[35mDEBUG[0m	logger/gorm_logger.go:81	SQL Trace	{"cost": 0.0013047, "rows": 0, "sql": "SELECT * FROM `posts` WHERE id = 289663936687509504 ORDER BY `posts`.`id` LIMIT 1"}
2026-06-02T12:19:58.422+0800	[35mDEBUG[0m	logger/gorm_logger.go:81	SQL Trace	{"cost": 0.0057664, "rows": 0, "sql": "SELECT * FROM `posts` WHERE id = 289663925673267200 ORDER BY `posts`.`id` LIMIT 1"}
2026-06-02T12:19:58.431+0800	[35mDEBUG[0m	logger/gorm_logger.go:81	SQL Trace	{"cost": 0.0082051, "rows": 0, "sql": "SELECT * FROM `posts` WHERE id = 289656570302697472 ORDER BY `posts`.`id` LIMIT 1"}
2026-06-02T12:19:58.434+0800	[35mDEBUG[0m	logger/gorm_logger.go:81	SQL Trace	{"cost": 0.0025694, "rows": 1, "sql": "SELECT * FROM `posts` WHERE id = 0 ORDER BY `posts`.`id` LIMIT 1"}
2026-06-02T12:19:58.436+0800	[35mDEBUG[0m	logger/gorm_logger.go:81	SQL Trace	{"cost": 0.0014039, "rows": 1, "sql": "SELECT * FROM `posts` WHERE id = 289971968428478464 ORDER BY `posts`.`id` LIMIT 1"}
2026-06-02T12:19:58.438+0800	[35mDEBUG[0m	logger/gorm_logger.go:81	SQL Trace	{"cost": 0.002289, "rows": 1, "sql": "SELECT * FROM `posts` WHERE id = 289969915052429312 ORDER BY `posts`.`id` LIMIT 1"}
2026-06-02T12:19:58.440+0800	[35mDEBUG[0m	logger/gorm_logger.go:81	SQL Trace	{"cost": 0.0021144, "rows": 0, "sql": "SELECT * FROM `posts` WHERE id IN (289666352015216640,289665228596056064,289664021160792064,289663990856945664,289663977955266560,289663936687509504,289663925673267200,289656570302697472) ORDER BY FIELD(id, 289666352015216640,289665228596056064,289664021160792064,289663990856945664,289663977955266560,289663936687509504,289663925673267200,289656570302697472)"}
2026-06-02T12:19:58.440+0800	[35mDEBUG[0m	logger/logger.go:81	FetchFeed validPosts before sort	{"post_ids": [289971968428478464, 289969915052429312]}
2026-06-02T12:19:58.440+0800	[35mDEBUG[0m	logger/logger.go:81	FetchFeed final posts	{"post_ids": [0, 289971968428478464, 289969915052429312]}
[GIN] 2026/06/02 - 12:19:58 | 200 |  47.93ms |       127.0.0.1 | GET      "/web/api/v1/feed/timeline?latest_time=0&limit=10&feed_type=timeline"
2026-06-02T12:19:58.447+0800	[33mWARN[0m	logger/logger.go:77	限流器执行异常, 降级放行	{"error": "ERR Error running script (call to f_f52a5b566060d79fd321d695df55bc918339c4aa): @user_script:3: user_script:3: attempt to call field 'replicate_commands' (a nil value) "}
2026-06-02T12:19:58.451+0800	[35mDEBUG[0m	logger/gorm_logger.go:81	SQL Trace	{"cost": 0.0025454, "rows": 1, "sql": "SELECT * FROM `users` WHERE id = 1 ORDER BY `users`.`id` LIMIT 1"}
2026-06-02T12:19:58.452+0800	[33mWARN[0m	logger/logger.go:77	限流器执行异常, 降级放行	{"error": "ERR Error running script (call to f_f52a5b566060d79fd321d695df55bc918339c4aa): @user_script:3: user_script:3: attempt to call field 'replicate_commands' (a nil value) "}
2026-06-02T12:19:58.455+0800	[35mDEBUG[0m	logger/gorm_logger.go:81	SQL Trace	{"cost": 0.0035128, "rows": 1, "sql": "SELECT count(*) FROM `relations` WHERE follower_id = 1 AND status = 1"}
2026-06-02T12:19:58.457+0800	[35mDEBUG[0m	logger/gorm_logger.go:81	SQL Trace	{"cost": 0.0023599, "rows": 1, "sql": "SELECT count(*) FROM `relations` WHERE followee_id = 1 AND status = 1"}
[GIN] 2026/06/02 - 12:19:58 | 200 |  10.58ms |       127.0.0.1 | GET      "/web/api/v1/user/info?user_id=1"
2026-06-02T12:19:58.459+0800	[35mDEBUG[0m	logger/gorm_logger.go:81	SQL Trace	{"cost": 0.0071047, "rows": 1, "sql": "SELECT count(*) FROM `relations` WHERE follower_id = 1 AND followee_id = 1 AND status = 1"}
[GIN] 2026/06/02 - 12:19:58 | 200 |  11.65ms |       127.0.0.1 | GET      "/web/api/v1/user/follow/status?followee_id=1"
2026-06-02T12:19:58.766+0800	[33mWARN[0m	logger/logger.go:77	限流器执行异常, 降级放行	{"error": "ERR Error running script (call to f_f52a5b566060d79fd321d695df55bc918339c4aa): @user_script:3: user_script:3: attempt to call field 'replicate_commands' (a nil value) "}
2026-06-02T12:19:58.767+0800	[33mWARN[0m	logger/logger.go:77	限流器执行异常, 降级放行	{"error": "ERR Error running script (call to f_f52a5b566060d79fd321d695df55bc918339c4aa): @user_script:3: user_script:3: attempt to call field 'replicate_commands' (a nil value) "}
2026-06-02T12:19:58.771+0800	[35mDEBUG[0m	logger/gorm_logger.go:81	SQL Trace	{"cost": 0.0040734, "rows": 1, "sql": "SELECT * FROM `users` WHERE id = 1234 ORDER BY `users`.`id` LIMIT 1"}
2026-06-02T12:19:58.772+0800	[35mDEBUG[0m	logger/gorm_logger.go:81	SQL Trace	{"cost": 0.004573, "rows": 1, "sql": "SELECT count(*) FROM `relations` WHERE follower_id = 1 AND followee_id = 1234 AND status = 1"}
[GIN] 2026/06/02 - 12:19:58 | 200 |   5.57ms |       127.0.0.1 | GET      "/web/api/v1/user/follow/status?followee_id=1234"
2026-06-02T12:19:58.779+0800	[35mDEBUG[0m	logger/gorm_logger.go:81	SQL Trace	{"cost": 0.0052699, "rows": 1, "sql": "SELECT count(*) FROM `relations` WHERE follower_id = 1234 AND status = 1"}
2026-06-02T12:19:58.797+0800	[35mDEBUG[0m	logger/gorm_logger.go:81	SQL Trace	{"cost": 0.0163973, "rows": 1, "sql": "SELECT count(*) FROM `relations` WHERE followee_id = 1234 AND status = 1"}
[GIN] 2026/06/02 - 12:19:58 | 200 |  30.33ms |       127.0.0.1 | GET      "/web/api/v1/user/info?user_id=1234"
2026-06-02T12:20:00.487+0800	[33mWARN[0m	logger/logger.go:77	限流器执行异常, 降级放行	{"error": "ERR Error running script (call to f_f52a5b566060d79fd321d695df55bc918339c4aa): @user_script:3: user_script:3: attempt to call field 'replicate_commands' (a nil value) "}
2026-06-02T12:20:00.488+0800	[35mDEBUG[0m	logger/logger.go:81	local cache hit for popular posts
[GIN] 2026/06/02 - 12:20:00 | 200 |  613.2µs |       127.0.0.1 | GET      "/web/api/v1/feed/timeline?latest_time=0&limit=10&feed_type=popular"
2026-06-02T12:20:02.601+0800	[33mWARN[0m	logger/logger.go:77	限流器执行异常, 降级放行	{"error": "ERR Error running script (call to f_f52a5b566060d79fd321d695df55bc918339c4aa): @user_script:3: user_script:3: attempt to call field 'replicate_commands' (a nil value) "}
2026-06-02T12:20:02.602+0800	[35mDEBUG[0m	logger/logger.go:81	GetTimeline return postIDs	{"post_ids": [289666352015216640, 289665228596056064, 289664021160792064, 289663990856945664, 289663977955266560, 289663936687509504, 289663925673267200, 289656570302697472]}
2026-06-02T12:20:02.602+0800	[35mDEBUG[0m	logger/logger.go:81	FetchFeed got postIDs from GetTimeline	{"post_ids": [289666352015216640, 289665228596056064, 289664021160792064, 289663990856945664, 289663977955266560, 289663936687509504, 289663925673267200, 289656570302697472]}
2026-06-02T12:20:02.602+0800	[35mDEBUG[0m	logger/logger.go:81	local cache hit for popular posts
2026-06-02T12:20:02.603+0800	[35mDEBUG[0m	logger/gorm_logger.go:81	SQL Trace	{"cost": 0.0012146, "rows": 0, "sql": "SELECT * FROM `posts` WHERE id = 289666352015216640 ORDER BY `posts`.`id` LIMIT 1"}
2026-06-02T12:20:02.604+0800	[35mDEBUG[0m	logger/gorm_logger.go:81	SQL Trace	{"cost": 0.0004973, "rows": 0, "sql": "SELECT * FROM `posts` WHERE id = 289665228596056064 ORDER BY `posts`.`id` LIMIT 1"}
2026-06-02T12:20:02.605+0800	[35mDEBUG[0m	logger/gorm_logger.go:81	SQL Trace	{"cost": 0.0009926, "rows": 0, "sql": "SELECT * FROM `posts` WHERE id = 289664021160792064 ORDER BY `posts`.`id` LIMIT 1"}
2026-06-02T12:20:02.605+0800	[35mDEBUG[0m	logger/gorm_logger.go:81	SQL Trace	{"cost": 0.0004974, "rows": 0, "sql": "SELECT * FROM `posts` WHERE id = 289663990856945664 ORDER BY `posts`.`id` LIMIT 1"}
2026-06-02T12:20:02.606+0800	[35mDEBUG[0m	logger/gorm_logger.go:81	SQL Trace	{"cost": 0.0009472, "rows": 0, "sql": "SELECT * FROM `posts` WHERE id = 289663977955266560 ORDER BY `posts`.`id` LIMIT 1"}
2026-06-02T12:20:02.607+0800	[35mDEBUG[0m	logger/gorm_logger.go:81	SQL Trace	{"cost": 0.0004425, "rows": 0, "sql": "SELECT * FROM `posts` WHERE id = 289663936687509504 ORDER BY `posts`.`id` LIMIT 1"}
2026-06-02T12:20:02.607+0800	[35mDEBUG[0m	logger/gorm_logger.go:81	SQL Trace	{"cost": 0.0004958, "rows": 0, "sql": "SELECT * FROM `posts` WHERE id = 289663925673267200 ORDER BY `posts`.`id` LIMIT 1"}
2026-06-02T12:20:02.608+0800	[35mDEBUG[0m	logger/gorm_logger.go:81	SQL Trace	{"cost": 0.0007287, "rows": 0, "sql": "SELECT * FROM `posts` WHERE id = 289656570302697472 ORDER BY `posts`.`id` LIMIT 1"}
2026-06-02T12:20:02.608+0800	[35mDEBUG[0m	logger/logger.go:81	local cache hit for post	{"post_id": 0}
2026-06-02T12:20:02.608+0800	[35mDEBUG[0m	logger/logger.go:81	local cache hit for post	{"post_id": 289971968428478464}
2026-06-02T12:20:02.608+0800	[35mDEBUG[0m	logger/logger.go:81	local cache hit for post	{"post_id": 289969915052429312}
2026-06-02T12:20:02.610+0800	[35mDEBUG[0m	logger/gorm_logger.go:81	SQL Trace	{"cost": 0.0017709, "rows": 0, "sql": "SELECT * FROM `posts` WHERE id IN (289666352015216640,289665228596056064,289664021160792064,289663990856945664,289663977955266560,289663936687509504,289663925673267200,289656570302697472) ORDER BY FIELD(id, 289666352015216640,289665228596056064,289664021160792064,289663990856945664,289663977955266560,289663936687509504,289663925673267200,289656570302697472)"}
2026-06-02T12:20:02.610+0800	[35mDEBUG[0m	logger/logger.go:81	FetchFeed validPosts before sort	{"post_ids": [289971968428478464, 289969915052429312]}
2026-06-02T12:20:02.610+0800	[35mDEBUG[0m	logger/logger.go:81	FetchFeed final posts	{"post_ids": [0, 289971968428478464, 289969915052429312]}
[GIN] 2026/06/02 - 12:20:02 | 200 |   8.29ms |       127.0.0.1 | GET      "/web/api/v1/feed/timeline?latest_time=0&limit=10&feed_type=timeline"
2026-06-02T12:20:03.246+0800	[33mWARN[0m	logger/logger.go:77	限流器执行异常, 降级放行	{"error": "ERR Error running script (call to f_f52a5b566060d79fd321d695df55bc918339c4aa): @user_script:3: user_script:3: attempt to call field 'replicate_commands' (a nil value) "}
2026-06-02T12:20:03.246+0800	[35mDEBUG[0m	logger/logger.go:81	GetTimeline return postIDs	{"post_ids": [289666352015216640, 289665228596056064, 289664021160792064, 289663990856945664, 289663977955266560, 289663936687509504, 289663925673267200, 289656570302697472]}
2026-06-02T12:20:03.246+0800	[35mDEBUG[0m	logger/logger.go:81	FetchFeed got postIDs from GetTimeline	{"post_ids": [289666352015216640, 289665228596056064, 289664021160792064, 289663990856945664, 289663977955266560, 289663936687509504, 289663925673267200, 289656570302697472]}
2026-06-02T12:20:03.246+0800	[35mDEBUG[0m	logger/logger.go:81	local cache hit for popular posts
2026-06-02T12:20:03.248+0800	[35mDEBUG[0m	logger/gorm_logger.go:81	SQL Trace	{"cost": 0.0020366, "rows": 0, "sql": "SELECT * FROM `posts` WHERE id = 289666352015216640 ORDER BY `posts`.`id` LIMIT 1"}
2026-06-02T12:20:03.253+0800	[35mDEBUG[0m	logger/gorm_logger.go:81	SQL Trace	{"cost": 0.0036961, "rows": 0, "sql": "SELECT * FROM `posts` WHERE id = 289665228596056064 ORDER BY `posts`.`id` LIMIT 1"}
2026-06-02T12:20:03.256+0800	[35mDEBUG[0m	logger/gorm_logger.go:81	SQL Trace	{"cost": 0.003149, "rows": 0, "sql": "SELECT * FROM `posts` WHERE id = 289664021160792064 ORDER BY `posts`.`id` LIMIT 1"}
2026-06-02T12:20:03.258+0800	[35mDEBUG[0m	logger/gorm_logger.go:81	SQL Trace	{"cost": 0.0015581, "rows": 0, "sql": "SELECT * FROM `posts` WHERE id = 289663990856945664 ORDER BY `posts`.`id` LIMIT 1"}
2026-06-02T12:20:03.266+0800	[35mDEBUG[0m	logger/gorm_logger.go:81	SQL Trace	{"cost": 0.0077724, "rows": 0, "sql": "SELECT * FROM `posts` WHERE id = 289663977955266560 ORDER BY `posts`.`id` LIMIT 1"}
2026-06-02T12:20:03.268+0800	[35mDEBUG[0m	logger/gorm_logger.go:81	SQL Trace	{"cost": 0.0028653, "rows": 0, "sql": "SELECT * FROM `posts` WHERE id = 289663936687509504 ORDER BY `posts`.`id` LIMIT 1"}
2026-06-02T12:20:03.270+0800	[35mDEBUG[0m	logger/gorm_logger.go:81	SQL Trace	{"cost": 0.0012037, "rows": 0, "sql": "SELECT * FROM `posts` WHERE id = 289663925673267200 ORDER BY `posts`.`id` LIMIT 1"}
2026-06-02T12:20:03.276+0800	[35mDEBUG[0m	logger/gorm_logger.go:81	SQL Trace	{"cost": 0.0059144, "rows": 0, "sql": "SELECT * FROM `posts` WHERE id = 289656570302697472 ORDER BY `posts`.`id` LIMIT 1"}
2026-06-02T12:20:03.276+0800	[35mDEBUG[0m	logger/logger.go:81	local cache hit for post	{"post_id": 0}
2026-06-02T12:20:03.276+0800	[35mDEBUG[0m	logger/logger.go:81	local cache hit for post	{"post_id": 289971968428478464}
2026-06-02T12:20:03.276+0800	[35mDEBUG[0m	logger/logger.go:81	local cache hit for post	{"post_id": 289969915052429312}
2026-06-02T12:20:03.278+0800	[35mDEBUG[0m	logger/gorm_logger.go:81	SQL Trace	{"cost": 0.0016545, "rows": 0, "sql": "SELECT * FROM `posts` WHERE id IN (289666352015216640,289665228596056064,289664021160792064,289663990856945664,289663977955266560,289663936687509504,289663925673267200,289656570302697472) ORDER BY FIELD(id, 289666352015216640,289665228596056064,289664021160792064,289663990856945664,289663977955266560,289663936687509504,289663925673267200,289656570302697472)"}
2026-06-02T12:20:03.278+0800	[35mDEBUG[0m	logger/logger.go:81	FetchFeed validPosts before sort	{"post_ids": [289971968428478464, 289969915052429312]}
2026-06-02T12:20:03.278+0800	[35mDEBUG[0m	logger/logger.go:81	FetchFeed final posts	{"post_ids": [0, 289971968428478464, 289969915052429312]}
[GIN] 2026/06/02 - 12:20:03 | 200 |  32.46ms |       127.0.0.1 | GET      "/web/api/v1/feed/timeline?latest_time=1780372615130&limit=10&feed_type=timeline"
2026-06-02T12:20:08.115+0800	[33mWARN[0m	logger/logger.go:77	限流器执行异常, 降级放行	{"error": "ERR Error running script (call to f_f52a5b566060d79fd321d695df55bc918339c4aa): @user_script:3: user_script:3: attempt to call field 'replicate_commands' (a nil value) "}
2026-06-02T12:20:08.121+0800	[35mDEBUG[0m	logger/gorm_logger.go:81	SQL Trace	{"cost": 0.0060492, "rows": 1, "sql": "INSERT INTO `posts` (`id`,`user_id`,`content`,`media_urls`,`status`,`like_count`,`comment_count`,`created_at`,`updated_at`) VALUES (289975757659181056,1,'1','[]',0,0,0,'2026-06-02 12:20:08.115','2026-06-02 12:20:08.116')"}
[GIN] 2026/06/02 - 12:20:08 | 200 |   30.7ms |       127.0.0.1 | POST     "/web/api/v1/post/publish"
2026-06-02T12:20:08.974+0800	[33mWARN[0m	logger/logger.go:77	限流器执行异常, 降级放行	{"error": "ERR Error running script (call to f_f52a5b566060d79fd321d695df55bc918339c4aa): @user_script:3: user_script:3: attempt to call field 'replicate_commands' (a nil value) "}
2026-06-02T12:20:08.975+0800	[35mDEBUG[0m	logger/logger.go:81	GetTimeline return postIDs	{"post_ids": [289666352015216640, 289665228596056064, 289664021160792064, 289663990856945664, 289663977955266560, 289663936687509504, 289663925673267200, 289656570302697472]}
2026-06-02T12:20:08.976+0800	[35mDEBUG[0m	logger/logger.go:81	FetchFeed got postIDs from GetTimeline	{"post_ids": [289666352015216640, 289665228596056064, 289664021160792064, 289663990856945664, 289663977955266560, 289663936687509504, 289663925673267200, 289656570302697472]}
2026-06-02T12:20:08.976+0800	[35mDEBUG[0m	logger/logger.go:81	local cache hit for popular posts
2026-06-02T12:20:08.982+0800	[35mDEBUG[0m	logger/gorm_logger.go:81	SQL Trace	{"cost": 0.003744, "rows": 0, "sql": "SELECT * FROM `posts` WHERE id = 289666352015216640 ORDER BY `posts`.`id` LIMIT 1"}
2026-06-02T12:20:08.983+0800	[35mDEBUG[0m	logger/gorm_logger.go:81	SQL Trace	{"cost": 0.0015994, "rows": 0, "sql": "SELECT * FROM `posts` WHERE id = 289665228596056064 ORDER BY `posts`.`id` LIMIT 1"}
2026-06-02T12:20:08.988+0800	[35mDEBUG[0m	logger/gorm_logger.go:81	SQL Trace	{"cost": 0.0049392, "rows": 0, "sql": "SELECT * FROM `posts` WHERE id = 289664021160792064 ORDER BY `posts`.`id` LIMIT 1"}
2026-06-02T12:20:08.991+0800	[35mDEBUG[0m	logger/gorm_logger.go:81	SQL Trace	{"cost": 0.0026936, "rows": 0, "sql": "SELECT * FROM `posts` WHERE id = 289663990856945664 ORDER BY `posts`.`id` LIMIT 1"}
2026-06-02T12:20:08.993+0800	[35mDEBUG[0m	logger/gorm_logger.go:81	SQL Trace	{"cost": 0.0017766, "rows": 0, "sql": "SELECT * FROM `posts` WHERE id = 289663977955266560 ORDER BY `posts`.`id` LIMIT 1"}
2026-06-02T12:20:08.995+0800	[35mDEBUG[0m	logger/gorm_logger.go:81	SQL Trace	{"cost": 0.0016106, "rows": 0, "sql": "SELECT * FROM `posts` WHERE id = 289663936687509504 ORDER BY `posts`.`id` LIMIT 1"}
2026-06-02T12:20:09.000+0800	[35mDEBUG[0m	logger/gorm_logger.go:81	SQL Trace	{"cost": 0.0032285, "rows": 0, "sql": "SELECT * FROM `posts` WHERE id = 289663925673267200 ORDER BY `posts`.`id` LIMIT 1"}
2026-06-02T12:20:09.002+0800	[35mDEBUG[0m	logger/gorm_logger.go:81	SQL Trace	{"cost": 0.0021672, "rows": 0, "sql": "SELECT * FROM `posts` WHERE id = 289656570302697472 ORDER BY `posts`.`id` LIMIT 1"}
2026-06-02T12:20:09.002+0800	[35mDEBUG[0m	logger/logger.go:81	local cache hit for post	{"post_id": 0}
2026-06-02T12:20:09.002+0800	[35mDEBUG[0m	logger/logger.go:81	local cache hit for post	{"post_id": 289971968428478464}
2026-06-02T12:20:09.002+0800	[35mDEBUG[0m	logger/logger.go:81	local cache hit for post	{"post_id": 289969915052429312}
2026-06-02T12:20:09.002+0800	[35mDEBUG[0m	logger/gorm_logger.go:81	SQL Trace	{"cost": 0.0004474, "rows": 0, "sql": "SELECT * FROM `posts` WHERE id IN (289666352015216640,289665228596056064,289664021160792064,289663990856945664,289663977955266560,289663936687509504,289663925673267200,289656570302697472) ORDER BY FIELD(id, 289666352015216640,289665228596056064,289664021160792064,289663990856945664,289663977955266560,289663936687509504,289663925673267200,289656570302697472)"}
2026-06-02T12:20:09.003+0800	[35mDEBUG[0m	logger/logger.go:81	FetchFeed validPosts before sort	{"post_ids": [289971968428478464, 289969915052429312]}
2026-06-02T12:20:09.003+0800	[35mDEBUG[0m	logger/logger.go:81	FetchFeed final posts	{"post_ids": [0, 289971968428478464, 289969915052429312]}
[GIN] 2026/06/02 - 12:20:09 | 200 |  29.23ms |       127.0.0.1 | GET      "/web/api/v1/feed/timeline?latest_time=0&limit=10&feed_type=timeline"
2026-06-02T12:20:09.310+0800	[33mWARN[0m	logger/logger.go:77	限流器执行异常, 降级放行	{"error": "ERR Error running script (call to f_f52a5b566060d79fd321d695df55bc918339c4aa): @user_script:3: user_script:3: attempt to call field 'replicate_commands' (a nil value) "}
2026-06-02T12:20:09.310+0800	[35mDEBUG[0m	logger/logger.go:81	local cache hit for user	{"user_id": 1}
[GIN] 2026/06/02 - 12:20:09 | 200 |  487.2µs |       127.0.0.1 | GET      "/web/api/v1/user/info?user_id=1"
2026-06-02T12:20:09.310+0800	[33mWARN[0m	logger/logger.go:77	限流器执行异常, 降级放行	{"error": "ERR Error running script (call to f_f52a5b566060d79fd321d695df55bc918339c4aa): @user_script:3: user_script:3: attempt to call field 'replicate_commands' (a nil value) "}
2026-06-02T12:20:09.311+0800	[35mDEBUG[0m	logger/gorm_logger.go:81	SQL Trace	{"cost": 0.0009928, "rows": 1, "sql": "SELECT count(*) FROM `relations` WHERE follower_id = 1 AND followee_id = 1 AND status = 1"}
[GIN] 2026/06/02 - 12:20:09 | 200 |   2.86ms |       127.0.0.1 | GET      "/web/api/v1/user/follow/status?followee_id=1"
2026-06-02T12:20:09.563+0800	[33mWARN[0m	logger/logger.go:77	限流器执行异常, 降级放行	{"error": "ERR Error running script (call to f_f52a5b566060d79fd321d695df55bc918339c4aa): @user_script:3: user_script:3: attempt to call field 'replicate_commands' (a nil value) "}
2026-06-02T12:20:09.563+0800	[35mDEBUG[0m	logger/logger.go:81	local cache hit for user	{"user_id": 1234}
[GIN] 2026/06/02 - 12:20:09 | 200 |   2.27ms |       127.0.0.1 | GET      "/web/api/v1/user/info?user_id=1234"
2026-06-02T12:20:09.618+0800	[33mWARN[0m	logger/logger.go:77	限流器执行异常, 降级放行	{"error": "ERR Error running script (call to f_f52a5b566060d79fd321d695df55bc918339c4aa): @user_script:3: user_script:3: attempt to call field 'replicate_commands' (a nil value) "}
2026-06-02T12:20:09.622+0800	[35mDEBUG[0m	logger/gorm_logger.go:81	SQL Trace	{"cost": 0.0034764, "rows": 1, "sql": "SELECT count(*) FROM `relations` WHERE follower_id = 1 AND followee_id = 1234 AND status = 1"}
[GIN] 2026/06/02 - 12:20:09 | 200 |   3.47ms |       127.0.0.1 | GET      "/web/api/v1/user/follow/status?followee_id=1234"
2026-06-02T12:20:17.074+0800	[33mWARN[0m	logger/logger.go:77	限流器执行异常, 降级放行	{"error": "ERR Error running script (call to f_f52a5b566060d79fd321d695df55bc918339c4aa): @user_script:3: user_script:3: attempt to call field 'replicate_commands' (a nil value) "}
2026-06-02T12:20:17.074+0800	[35mDEBUG[0m	logger/logger.go:81	GetTimeline return postIDs	{"post_ids": [289666352015216640, 289665228596056064, 289664021160792064, 289663990856945664, 289663977955266560, 289663936687509504, 289663925673267200, 289656570302697472]}
2026-06-02T12:20:17.074+0800	[35mDEBUG[0m	logger/logger.go:81	FetchFeed got postIDs from GetTimeline	{"post_ids": [289666352015216640, 289665228596056064, 289664021160792064, 289663990856945664, 289663977955266560, 289663936687509504, 289663925673267200, 289656570302697472]}
2026-06-02T12:20:17.074+0800	[35mDEBUG[0m	logger/logger.go:81	local cache hit for popular posts
2026-06-02T12:20:17.077+0800	[35mDEBUG[0m	logger/gorm_logger.go:81	SQL Trace	{"cost": 0.0021549, "rows": 0, "sql": "SELECT * FROM `posts` WHERE id = 289666352015216640 ORDER BY `posts`.`id` LIMIT 1"}
2026-06-02T12:20:17.079+0800	[35mDEBUG[0m	logger/gorm_logger.go:81	SQL Trace	{"cost": 0.0018049, "rows": 0, "sql": "SELECT * FROM `posts` WHERE id = 289665228596056064 ORDER BY `posts`.`id` LIMIT 1"}
2026-06-02T12:20:17.080+0800	[35mDEBUG[0m	logger/gorm_logger.go:81	SQL Trace	{"cost": 0.0011454, "rows": 0, "sql": "SELECT * FROM `posts` WHERE id = 289664021160792064 ORDER BY `posts`.`id` LIMIT 1"}
2026-06-02T12:20:17.082+0800	[35mDEBUG[0m	logger/gorm_logger.go:81	SQL Trace	{"cost": 0.0020223, "rows": 0, "sql": "SELECT * FROM `posts` WHERE id = 289663990856945664 ORDER BY `posts`.`id` LIMIT 1"}
2026-06-02T12:20:17.083+0800	[35mDEBUG[0m	logger/gorm_logger.go:81	SQL Trace	{"cost": 0.0008848, "rows": 0, "sql": "SELECT * FROM `posts` WHERE id = 289663977955266560 ORDER BY `posts`.`id` LIMIT 1"}
2026-06-02T12:20:17.084+0800	[35mDEBUG[0m	logger/gorm_logger.go:81	SQL Trace	{"cost": 0.001699, "rows": 0, "sql": "SELECT * FROM `posts` WHERE id = 289663936687509504 ORDER BY `posts`.`id` LIMIT 1"}
2026-06-02T12:20:17.116+0800	[35mDEBUG[0m	logger/gorm_logger.go:81	SQL Trace	{"cost": 0.0315355, "rows": 0, "sql": "SELECT * FROM `posts` WHERE id = 289663925673267200 ORDER BY `posts`.`id` LIMIT 1"}
2026-06-02T12:20:17.119+0800	[35mDEBUG[0m	logger/gorm_logger.go:81	SQL Trace	{"cost": 0.0022928, "rows": 0, "sql": "SELECT * FROM `posts` WHERE id = 289656570302697472 ORDER BY `posts`.`id` LIMIT 1"}
2026-06-02T12:20:17.119+0800	[35mDEBUG[0m	logger/logger.go:81	local cache hit for post	{"post_id": 0}
2026-06-02T12:20:17.119+0800	[35mDEBUG[0m	logger/logger.go:81	local cache hit for post	{"post_id": 289971968428478464}
2026-06-02T12:20:17.119+0800	[35mDEBUG[0m	logger/logger.go:81	local cache hit for post	{"post_id": 289969915052429312}
2026-06-02T12:20:17.121+0800	[35mDEBUG[0m	logger/gorm_logger.go:81	SQL Trace	{"cost": 0.0014883, "rows": 0, "sql": "SELECT * FROM `posts` WHERE id IN (289666352015216640,289665228596056064,289664021160792064,289663990856945664,289663977955266560,289663936687509504,289663925673267200,289656570302697472) ORDER BY FIELD(id, 289666352015216640,289665228596056064,289664021160792064,289663990856945664,289663977955266560,289663936687509504,289663925673267200,289656570302697472)"}
2026-06-02T12:20:17.121+0800	[35mDEBUG[0m	logger/logger.go:81	FetchFeed validPosts before sort	{"post_ids": [289971968428478464, 289969915052429312]}
2026-06-02T12:20:17.121+0800	[35mDEBUG[0m	logger/logger.go:81	FetchFeed final posts	{"post_ids": [0, 289971968428478464, 289969915052429312]}
[GIN] 2026/06/02 - 12:20:17 | 200 |  48.11ms |       127.0.0.1 | GET      "/web/api/v1/feed/timeline?latest_time=1780372615130&limit=10&feed_type=timeline"
2026-06-02T12:20:19.837+0800	[33mWARN[0m	logger/logger.go:77	限流器执行异常, 降级放行	{"error": "ERR Error running script (call to f_f52a5b566060d79fd321d695df55bc918339c4aa): @user_script:3: user_script:3: attempt to call field 'replicate_commands' (a nil value) "}
2026-06-02T12:20:19.837+0800	[35mDEBUG[0m	logger/logger.go:81	local cache hit for popular posts
[GIN] 2026/06/02 - 12:20:19 | 200 |  487.9µs |       127.0.0.1 | GET      "/web/api/v1/feed/timeline?latest_time=0&limit=10&feed_type=popular"
2026-06-02T12:20:20.432+0800	[33mWARN[0m	logger/logger.go:77	限流器执行异常, 降级放行	{"error": "ERR Error running script (call to f_f52a5b566060d79fd321d695df55bc918339c4aa): @user_script:3: user_script:3: attempt to call field 'replicate_commands' (a nil value) "}
2026-06-02T12:20:20.432+0800	[35mDEBUG[0m	logger/logger.go:81	GetTimeline return postIDs	{"post_ids": [289666352015216640, 289665228596056064, 289664021160792064, 289663990856945664, 289663977955266560, 289663936687509504, 289663925673267200, 289656570302697472]}
2026-06-02T12:20:20.432+0800	[35mDEBUG[0m	logger/logger.go:81	FetchFeed got postIDs from GetTimeline	{"post_ids": [289666352015216640, 289665228596056064, 289664021160792064, 289663990856945664, 289663977955266560, 289663936687509504, 289663925673267200, 289656570302697472]}
2026-06-02T12:20:20.432+0800	[35mDEBUG[0m	logger/logger.go:81	local cache hit for popular posts
2026-06-02T12:20:20.435+0800	[35mDEBUG[0m	logger/gorm_logger.go:81	SQL Trace	{"cost": 0.0019404, "rows": 0, "sql": "SELECT * FROM `posts` WHERE id = 289666352015216640 ORDER BY `posts`.`id` LIMIT 1"}
2026-06-02T12:20:20.436+0800	[35mDEBUG[0m	logger/gorm_logger.go:81	SQL Trace	{"cost": 0.001256, "rows": 0, "sql": "SELECT * FROM `posts` WHERE id = 289665228596056064 ORDER BY `posts`.`id` LIMIT 1"}
2026-06-02T12:20:20.438+0800	[35mDEBUG[0m	logger/gorm_logger.go:81	SQL Trace	{"cost": 0.0014711, "rows": 0, "sql": "SELECT * FROM `posts` WHERE id = 289664021160792064 ORDER BY `posts`.`id` LIMIT 1"}
2026-06-02T12:20:20.440+0800	[35mDEBUG[0m	logger/gorm_logger.go:81	SQL Trace	{"cost": 0.0020011, "rows": 0, "sql": "SELECT * FROM `posts` WHERE id = 289663990856945664 ORDER BY `posts`.`id` LIMIT 1"}
2026-06-02T12:20:20.447+0800	[35mDEBUG[0m	logger/gorm_logger.go:81	SQL Trace	{"cost": 0.0063147, "rows": 0, "sql": "SELECT * FROM `posts` WHERE id = 289663977955266560 ORDER BY `posts`.`id` LIMIT 1"}
2026-06-02T12:20:20.448+0800	[35mDEBUG[0m	logger/gorm_logger.go:81	SQL Trace	{"cost": 0.0008771, "rows": 0, "sql": "SELECT * FROM `posts` WHERE id = 289663936687509504 ORDER BY `posts`.`id` LIMIT 1"}
2026-06-02T12:20:20.451+0800	[35mDEBUG[0m	logger/gorm_logger.go:81	SQL Trace	{"cost": 0.0028712, "rows": 0, "sql": "SELECT * FROM `posts` WHERE id = 289663925673267200 ORDER BY `posts`.`id` LIMIT 1"}
2026-06-02T12:20:20.453+0800	[35mDEBUG[0m	logger/gorm_logger.go:81	SQL Trace	{"cost": 0.0012997, "rows": 0, "sql": "SELECT * FROM `posts` WHERE id = 289656570302697472 ORDER BY `posts`.`id` LIMIT 1"}
2026-06-02T12:20:20.453+0800	[35mDEBUG[0m	logger/logger.go:81	local cache hit for post	{"post_id": 0}
2026-06-02T12:20:20.453+0800	[35mDEBUG[0m	logger/logger.go:81	local cache hit for post	{"post_id": 289971968428478464}
2026-06-02T12:20:20.453+0800	[35mDEBUG[0m	logger/logger.go:81	local cache hit for post	{"post_id": 289969915052429312}
2026-06-02T12:20:20.455+0800	[35mDEBUG[0m	logger/gorm_logger.go:81	SQL Trace	{"cost": 0.0020196, "rows": 0, "sql": "SELECT * FROM `posts` WHERE id IN (289666352015216640,289665228596056064,289664021160792064,289663990856945664,289663977955266560,289663936687509504,289663925673267200,289656570302697472) ORDER BY FIELD(id, 289666352015216640,289665228596056064,289664021160792064,289663990856945664,289663977955266560,289663936687509504,289663925673267200,289656570302697472)"}
2026-06-02T12:20:20.455+0800	[35mDEBUG[0m	logger/logger.go:81	FetchFeed validPosts before sort	{"post_ids": [289971968428478464, 289969915052429312]}
2026-06-02T12:20:20.455+0800	[35mDEBUG[0m	logger/logger.go:81	FetchFeed final posts	{"post_ids": [0, 289971968428478464, 289969915052429312]}
[GIN] 2026/06/02 - 12:20:20 | 200 |  23.73ms |       127.0.0.1 | GET      "/web/api/v1/feed/timeline?latest_time=0&limit=10&feed_type=timeline"
2026-06-02T12:20:27.105+0800	[33mWARN[0m	logger/logger.go:77	限流器执行异常, 降级放行	{"error": "ERR Error running script (call to f_f52a5b566060d79fd321d695df55bc918339c4aa): @user_script:3: user_script:3: attempt to call field 'replicate_commands' (a nil value) "}
2026-06-02T12:20:27.105+0800	[35mDEBUG[0m	logger/logger.go:81	local cache hit for popular posts
[GIN] 2026/06/02 - 12:20:27 | 200 |   1.02ms |       127.0.0.1 | GET      "/web/api/v1/feed/timeline?latest_time=0&limit=10&feed_type=popular"
